[11/05/2018 12:51] INFO __main__ <module> 60: Serverdict Loaded Successfully
[11/05/2018 12:51] INFO __main__ _print 935: Starting up...
[11/05/2018 12:51] INFO __main__ _print 935: Meowth! That's right!

1 servers connected.
24 members found.
[11/05/2018 12:51] INFO __main__ maint_start 942: Maintenance Tasks Started
[11/05/2018 12:51] INFO __main__ guild_cleanup 853: Server_Cleanup ------ BEGIN ------
[11/05/2018 12:51] INFO __main__ guild_cleanup 872: Server_Cleanup - SAVING CHANGES
[11/05/2018 12:51] INFO __main__ guild_cleanup 877: Server_Cleanup ------ END ------
[11/05/2018 12:51] INFO __main__ channel_cleanup 745: Channel_Cleanup ------ BEGIN ------
[11/05/2018 12:51] INFO __main__ channel_cleanup 755: Channel_Cleanup - Server: 346683091013730304 - CHECKING FOR SERVER (TEST WV Pokemon Go)  - BEGIN CHECKING SERVER
[11/05/2018 12:51] INFO __main__ channel_cleanup 764: Channel_Cleanup - Server: TEST WV Pokemon Go: Channel:444506979260432384 - CHECKING
[11/05/2018 12:51] INFO __main__ channel_cleanup 773: Channel_Cleanup - Server: TEST WV Pokemon Go: Channel:444506979260432384 (meetup-test16) - EXISTS IN DISCORD
[11/05/2018 12:51] INFO __main__ channel_cleanup 803: Channel_Cleanup - Server: TEST WV Pokemon Go: Channel:444506979260432384 - EXRAID
[11/05/2018 12:51] INFO __main__ channel_cleanup 841: Channel_Cleanup - SAVING CHANGES
[11/05/2018 12:51] INFO __main__ channel_cleanup 846: Channel_Cleanup ------ END ------
[11/05/2018 12:51] INFO __main__ message_cleanup 883: message_cleanup ------ BEGIN ------
[11/05/2018 12:51] INFO __main__ message_cleanup 921: message_cleanup - SAVING CHANGES
[11/05/2018 12:51] INFO __main__ message_cleanup 926: message_cleanup ------ END ------
[11/05/2018 12:53] INFO __main__ <module> 60: Serverdict Loaded Successfully
[11/05/2018 12:53] INFO __main__ _print 933: Starting up...
[11/05/2018 12:53] INFO __main__ _print 933: Meowth! That's right!

1 servers connected.
24 members found.
[11/05/2018 12:53] INFO __main__ maint_start 940: Maintenance Tasks Started
[11/05/2018 12:53] INFO __main__ guild_cleanup 851: Server_Cleanup ------ BEGIN ------
[11/05/2018 12:53] INFO __main__ guild_cleanup 870: Server_Cleanup - SAVING CHANGES
[11/05/2018 12:53] INFO __main__ guild_cleanup 875: Server_Cleanup ------ END ------
[11/05/2018 12:53] INFO __main__ channel_cleanup 743: Channel_Cleanup ------ BEGIN ------
[11/05/2018 12:53] INFO __main__ channel_cleanup 753: Channel_Cleanup - Server: 346683091013730304 - CHECKING FOR SERVER (TEST WV Pokemon Go)  - BEGIN CHECKING SERVER
[11/05/2018 12:53] INFO __main__ channel_cleanup 762: Channel_Cleanup - Server: TEST WV Pokemon Go: Channel:444506979260432384 - CHECKING
[11/05/2018 12:53] INFO __main__ channel_cleanup 771: Channel_Cleanup - Server: TEST WV Pokemon Go: Channel:444506979260432384 (meetup-test16) - EXISTS IN DISCORD
[11/05/2018 12:53] INFO __main__ channel_cleanup 801: Channel_Cleanup - Server: TEST WV Pokemon Go: Channel:444506979260432384 - EXRAID
[11/05/2018 12:53] INFO __main__ channel_cleanup 839: Channel_Cleanup - SAVING CHANGES
[11/05/2018 12:53] INFO __main__ channel_cleanup 844: Channel_Cleanup ------ END ------
[11/05/2018 12:53] INFO __main__ message_cleanup 881: message_cleanup ------ BEGIN ------
[11/05/2018 12:53] INFO __main__ message_cleanup 919: message_cleanup - SAVING CHANGES
[11/05/2018 12:53] INFO __main__ message_cleanup 924: message_cleanup ------ END ------
[11/05/2018 12:55] INFO __main__ expiry_check 552: Expiry_Check - magikarp-test
[11/05/2018 12:55] INFO __main__ expiry_check 559: Expire_Channel - Channel Added To Watchlist - magikarp-test
[11/05/2018 12:55] INFO __main__ expiry_check 552: Expiry_Check - machamp-test
[11/05/2018 12:55] INFO __main__ expiry_check 559: Expire_Channel - Channel Added To Watchlist - machamp-test
[11/05/2018 13:03] INFO __main__ channel_cleanup 743: Channel_Cleanup ------ BEGIN ------
[11/05/2018 13:03] INFO __main__ channel_cleanup 753: Channel_Cleanup - Server: 346683091013730304 - CHECKING FOR SERVER (TEST WV Pokemon Go)  - BEGIN CHECKING SERVER
[11/05/2018 13:03] INFO __main__ channel_cleanup 762: Channel_Cleanup - Server: TEST WV Pokemon Go: Channel:444506979260432384 - CHECKING
[11/05/2018 13:03] INFO __main__ channel_cleanup 771: Channel_Cleanup - Server: TEST WV Pokemon Go: Channel:444506979260432384 (meetup-test16) - EXISTS IN DISCORD
[11/05/2018 13:03] INFO __main__ channel_cleanup 801: Channel_Cleanup - Server: TEST WV Pokemon Go: Channel:444506979260432384 - EXRAID
[11/05/2018 13:03] INFO __main__ channel_cleanup 762: Channel_Cleanup - Server: TEST WV Pokemon Go: Channel:444543089021943808 - CHECKING
[11/05/2018 13:03] INFO __main__ channel_cleanup 771: Channel_Cleanup - Server: TEST WV Pokemon Go: Channel:444543089021943808 (magikarp-test) - EXISTS IN DISCORD
[11/05/2018 13:03] INFO __main__ channel_cleanup 762: Channel_Cleanup - Server: TEST WV Pokemon Go: Channel:444543168076185611 - CHECKING
[11/05/2018 13:03] INFO __main__ channel_cleanup 771: Channel_Cleanup - Server: TEST WV Pokemon Go: Channel:444543168076185611 (machamp-test) - EXISTS IN DISCORD
[11/05/2018 13:03] INFO __main__ channel_cleanup 839: Channel_Cleanup - SAVING CHANGES
[11/05/2018 13:03] INFO __main__ channel_cleanup 844: Channel_Cleanup ------ END ------
[11/05/2018 13:03] INFO __main__ message_cleanup 881: message_cleanup ------ BEGIN ------
[11/05/2018 13:03] INFO __main__ message_cleanup 919: message_cleanup - SAVING CHANGES
[11/05/2018 13:03] INFO __main__ message_cleanup 924: message_cleanup ------ END ------
[11/05/2018 13:13] INFO __main__ channel_cleanup 743: Channel_Cleanup ------ BEGIN ------
[11/05/2018 13:13] INFO __main__ channel_cleanup 753: Channel_Cleanup - Server: 346683091013730304 - CHECKING FOR SERVER (TEST WV Pokemon Go)  - BEGIN CHECKING SERVER
[11/05/2018 13:13] INFO __main__ channel_cleanup 762: Channel_Cleanup - Server: TEST WV Pokemon Go: Channel:444506979260432384 - CHECKING
[11/05/2018 13:13] INFO __main__ channel_cleanup 771: Channel_Cleanup - Server: TEST WV Pokemon Go: Channel:444506979260432384 (meetup-test16) - EXISTS IN DISCORD
[11/05/2018 13:13] INFO __main__ channel_cleanup 801: Channel_Cleanup - Server: TEST WV Pokemon Go: Channel:444506979260432384 - EXRAID
[11/05/2018 13:13] INFO __main__ channel_cleanup 762: Channel_Cleanup - Server: TEST WV Pokemon Go: Channel:444543089021943808 - CHECKING
[11/05/2018 13:13] INFO __main__ channel_cleanup 771: Channel_Cleanup - Server: TEST WV Pokemon Go: Channel:444543089021943808 (magikarp-test) - EXISTS IN DISCORD
[11/05/2018 13:13] INFO __main__ channel_cleanup 762: Channel_Cleanup - Server: TEST WV Pokemon Go: Channel:444543168076185611 - CHECKING
[11/05/2018 13:13] INFO __main__ channel_cleanup 771: Channel_Cleanup - Server: TEST WV Pokemon Go: Channel:444543168076185611 (machamp-test) - EXISTS IN DISCORD
[11/05/2018 13:13] INFO __main__ channel_cleanup 839: Channel_Cleanup - SAVING CHANGES
[11/05/2018 13:13] INFO __main__ channel_cleanup 844: Channel_Cleanup ------ END ------
[11/05/2018 13:13] INFO __main__ message_cleanup 881: message_cleanup ------ BEGIN ------
[11/05/2018 13:13] INFO __main__ message_cleanup 919: message_cleanup - SAVING CHANGES
[11/05/2018 13:13] INFO __main__ message_cleanup 924: message_cleanup ------ END ------
[11/05/2018 13:23] INFO __main__ channel_cleanup 743: Channel_Cleanup ------ BEGIN ------
[11/05/2018 13:23] INFO __main__ channel_cleanup 753: Channel_Cleanup - Server: 346683091013730304 - CHECKING FOR SERVER (TEST WV Pokemon Go)  - BEGIN CHECKING SERVER
[11/05/2018 13:23] INFO __main__ channel_cleanup 762: Channel_Cleanup - Server: TEST WV Pokemon Go: Channel:444506979260432384 - CHECKING
[11/05/2018 13:23] INFO __main__ channel_cleanup 771: Channel_Cleanup - Server: TEST WV Pokemon Go: Channel:444506979260432384 (meetup-test16) - EXISTS IN DISCORD
[11/05/2018 13:23] INFO __main__ channel_cleanup 801: Channel_Cleanup - Server: TEST WV Pokemon Go: Channel:444506979260432384 - EXRAID
[11/05/2018 13:23] INFO __main__ channel_cleanup 762: Channel_Cleanup - Server: TEST WV Pokemon Go: Channel:444543089021943808 - CHECKING
[11/05/2018 13:23] INFO __main__ channel_cleanup 771: Channel_Cleanup - Server: TEST WV Pokemon Go: Channel:444543089021943808 (magikarp-test) - EXISTS IN DISCORD
[11/05/2018 13:23] INFO __main__ channel_cleanup 762: Channel_Cleanup - Server: TEST WV Pokemon Go: Channel:444543168076185611 - CHECKING
[11/05/2018 13:23] INFO __main__ channel_cleanup 771: Channel_Cleanup - Server: TEST WV Pokemon Go: Channel:444543168076185611 (machamp-test) - EXISTS IN DISCORD
[11/05/2018 13:23] INFO __main__ channel_cleanup 839: Channel_Cleanup - SAVING CHANGES
[11/05/2018 13:23] INFO __main__ channel_cleanup 844: Channel_Cleanup ------ END ------
[11/05/2018 13:23] INFO __main__ message_cleanup 881: message_cleanup ------ BEGIN ------
[11/05/2018 13:23] INFO __main__ message_cleanup 919: message_cleanup - SAVING CHANGES
[11/05/2018 13:23] INFO __main__ message_cleanup 924: message_cleanup ------ END ------
[11/05/2018 13:33] INFO __main__ channel_cleanup 743: Channel_Cleanup ------ BEGIN ------
[11/05/2018 13:33] INFO __main__ channel_cleanup 753: Channel_Cleanup - Server: 346683091013730304 - CHECKING FOR SERVER (TEST WV Pokemon Go)  - BEGIN CHECKING SERVER
[11/05/2018 13:33] INFO __main__ channel_cleanup 762: Channel_Cleanup - Server: TEST WV Pokemon Go: Channel:444506979260432384 - CHECKING
[11/05/2018 13:33] INFO __main__ channel_cleanup 771: Channel_Cleanup - Server: TEST WV Pokemon Go: Channel:444506979260432384 (meetup-test16) - EXISTS IN DISCORD
[11/05/2018 13:33] INFO __main__ channel_cleanup 801: Channel_Cleanup - Server: TEST WV Pokemon Go: Channel:444506979260432384 - EXRAID
[11/05/2018 13:33] INFO __main__ channel_cleanup 762: Channel_Cleanup - Server: TEST WV Pokemon Go: Channel:444543089021943808 - CHECKING
[11/05/2018 13:33] INFO __main__ channel_cleanup 771: Channel_Cleanup - Server: TEST WV Pokemon Go: Channel:444543089021943808 (magikarp-test) - EXISTS IN DISCORD
[11/05/2018 13:33] INFO __main__ channel_cleanup 762: Channel_Cleanup - Server: TEST WV Pokemon Go: Channel:444543168076185611 - CHECKING
[11/05/2018 13:33] INFO __main__ channel_cleanup 771: Channel_Cleanup - Server: TEST WV Pokemon Go: Channel:444543168076185611 (machamp-test) - EXISTS IN DISCORD
[11/05/2018 13:33] INFO __main__ channel_cleanup 839: Channel_Cleanup - SAVING CHANGES
[11/05/2018 13:33] INFO __main__ channel_cleanup 844: Channel_Cleanup ------ END ------
[11/05/2018 13:33] INFO __main__ message_cleanup 881: message_cleanup ------ BEGIN ------
[11/05/2018 13:33] INFO __main__ message_cleanup 919: message_cleanup - SAVING CHANGES
[11/05/2018 13:33] INFO __main__ message_cleanup 924: message_cleanup ------ END ------
[11/05/2018 13:40] INFO __main__ expiry_check 590: Expire_Channel - Channel Expired And Removed From Watchlist - magikarp-test
[11/05/2018 13:40] INFO __main__ expire_channel 600: Expire_Channel - magikarp-test
[11/05/2018 13:40] INFO __main__ expire_channel 618: Expire_Channel - Channel Expired - magikarp-test
[11/05/2018 13:40] INFO __main__ expiry_check 590: Expire_Channel - Channel Expired And Removed From Watchlist - machamp-test
[11/05/2018 13:40] INFO __main__ expire_channel 600: Expire_Channel - machamp-test
[11/05/2018 13:40] INFO __main__ expire_channel 618: Expire_Channel - Channel Expired - machamp-test
[11/05/2018 13:43] INFO __main__ channel_cleanup 743: Channel_Cleanup ------ BEGIN ------
[11/05/2018 13:43] INFO __main__ channel_cleanup 753: Channel_Cleanup - Server: 346683091013730304 - CHECKING FOR SERVER (TEST WV Pokemon Go)  - BEGIN CHECKING SERVER
[11/05/2018 13:43] INFO __main__ channel_cleanup 762: Channel_Cleanup - Server: TEST WV Pokemon Go: Channel:444506979260432384 - CHECKING
[11/05/2018 13:43] INFO __main__ channel_cleanup 771: Channel_Cleanup - Server: TEST WV Pokemon Go: Channel:444506979260432384 (meetup-test16) - EXISTS IN DISCORD
[11/05/2018 13:43] INFO __main__ channel_cleanup 801: Channel_Cleanup - Server: TEST WV Pokemon Go: Channel:444506979260432384 - EXRAID
[11/05/2018 13:43] INFO __main__ channel_cleanup 762: Channel_Cleanup - Server: TEST WV Pokemon Go: Channel:444543089021943808 - CHECKING
[11/05/2018 13:43] INFO __main__ channel_cleanup 771: Channel_Cleanup - Server: TEST WV Pokemon Go: Channel:444543089021943808 (expired-magikarp-test) - EXISTS IN DISCORD
[11/05/2018 13:43] INFO __main__ channel_cleanup 795: Channel_Cleanup - Server: TEST WV Pokemon Go: Channel:444543089021943808 - = RECENTLY EXPIRED NONACTIVE RAID
[11/05/2018 13:43] INFO __main__ channel_cleanup 762: Channel_Cleanup - Server: TEST WV Pokemon Go: Channel:444543168076185611 - CHECKING
[11/05/2018 13:43] INFO __main__ channel_cleanup 771: Channel_Cleanup - Server: TEST WV Pokemon Go: Channel:444543168076185611 (expired-machamp-test) - EXISTS IN DISCORD
[11/05/2018 13:43] INFO __main__ channel_cleanup 795: Channel_Cleanup - Server: TEST WV Pokemon Go: Channel:444543168076185611 - = RECENTLY EXPIRED NONACTIVE RAID
[11/05/2018 13:43] INFO __main__ channel_cleanup 839: Channel_Cleanup - SAVING CHANGES
[11/05/2018 13:43] INFO __main__ channel_cleanup 844: Channel_Cleanup ------ END ------
[11/05/2018 13:43] INFO __main__ message_cleanup 881: message_cleanup ------ BEGIN ------
[11/05/2018 13:43] INFO __main__ message_cleanup 919: message_cleanup - SAVING CHANGES
[11/05/2018 13:43] INFO __main__ message_cleanup 924: message_cleanup ------ END ------
[11/05/2018 13:43] INFO __main__ expire_channel 600: Expire_Channel - expired-magikarp-test
[11/05/2018 13:43] INFO __main__ expire_channel 618: Expire_Channel - Channel Expired - expired-magikarp-test
[11/05/2018 13:43] INFO __main__ expire_channel 600: Expire_Channel - expired-machamp-test
[11/05/2018 13:43] INFO __main__ expire_channel 618: Expire_Channel - Channel Expired - expired-machamp-test
[11/05/2018 13:45] INFO __main__ expire_channel 693: Expire_Channel - Channel Deleted - expired-magikarp-test
[11/05/2018 13:45] INFO __main__ expire_channel 693: Expire_Channel - Channel Deleted - expired-machamp-test
[11/05/2018 13:52] INFO __main__ _print 933: Starting up...
[11/05/2018 13:52] INFO __main__ _print 933: Meowth! That's right!

1 servers connected.
24 members found.
[11/05/2018 13:52] INFO __main__ maint_start 940: Maintenance Tasks Started
[11/05/2018 13:52] INFO __main__ guild_cleanup 851: Server_Cleanup ------ BEGIN ------
[11/05/2018 13:52] INFO __main__ guild_cleanup 870: Server_Cleanup - SAVING CHANGES
[11/05/2018 13:52] INFO __main__ guild_cleanup 875: Server_Cleanup ------ END ------
[11/05/2018 13:52] INFO __main__ channel_cleanup 743: Channel_Cleanup ------ BEGIN ------
[11/05/2018 13:52] INFO __main__ channel_cleanup 753: Channel_Cleanup - Server: 346683091013730304 - CHECKING FOR SERVER (TEST WV Pokemon Go)  - BEGIN CHECKING SERVER
[11/05/2018 13:52] INFO __main__ channel_cleanup 762: Channel_Cleanup - Server: TEST WV Pokemon Go: Channel:444506979260432384 - CHECKING
[11/05/2018 13:52] INFO __main__ channel_cleanup 771: Channel_Cleanup - Server: TEST WV Pokemon Go: Channel:444506979260432384 (meetup-test16) - EXISTS IN DISCORD
[11/05/2018 13:52] INFO __main__ channel_cleanup 801: Channel_Cleanup - Server: TEST WV Pokemon Go: Channel:444506979260432384 - EXRAID
[11/05/2018 13:52] INFO __main__ channel_cleanup 839: Channel_Cleanup - SAVING CHANGES
[11/05/2018 13:52] INFO __main__ channel_cleanup 844: Channel_Cleanup ------ END ------
[11/05/2018 13:52] INFO __main__ message_cleanup 881: message_cleanup ------ BEGIN ------
[11/05/2018 13:52] INFO __main__ message_cleanup 919: message_cleanup - SAVING CHANGES
[11/05/2018 13:52] INFO __main__ message_cleanup 924: message_cleanup ------ END ------
[11/05/2018 13:53] INFO __main__ channel_cleanup 743: Channel_Cleanup ------ BEGIN ------
[11/05/2018 13:53] INFO __main__ channel_cleanup 753: Channel_Cleanup - Server: 346683091013730304 - CHECKING FOR SERVER (TEST WV Pokemon Go)  - BEGIN CHECKING SERVER
[11/05/2018 13:53] INFO __main__ channel_cleanup 762: Channel_Cleanup - Server: TEST WV Pokemon Go: Channel:444506979260432384 - CHECKING
[11/05/2018 13:53] INFO __main__ channel_cleanup 771: Channel_Cleanup - Server: TEST WV Pokemon Go: Channel:444506979260432384 (meetup-test16) - EXISTS IN DISCORD
[11/05/2018 13:53] INFO __main__ channel_cleanup 801: Channel_Cleanup - Server: TEST WV Pokemon Go: Channel:444506979260432384 - EXRAID
[11/05/2018 13:53] INFO __main__ channel_cleanup 839: Channel_Cleanup - SAVING CHANGES
[11/05/2018 13:53] INFO __main__ channel_cleanup 844: Channel_Cleanup ------ END ------
[11/05/2018 13:53] INFO __main__ message_cleanup 881: message_cleanup ------ BEGIN ------
[11/05/2018 13:53] INFO __main__ message_cleanup 919: message_cleanup - SAVING CHANGES
[11/05/2018 13:53] INFO __main__ message_cleanup 924: message_cleanup ------ END ------
[11/05/2018 14:02] INFO __main__ channel_cleanup 743: Channel_Cleanup ------ BEGIN ------
[11/05/2018 14:02] INFO __main__ channel_cleanup 753: Channel_Cleanup - Server: 346683091013730304 - CHECKING FOR SERVER (TEST WV Pokemon Go)  - BEGIN CHECKING SERVER
[11/05/2018 14:02] INFO __main__ channel_cleanup 762: Channel_Cleanup - Server: TEST WV Pokemon Go: Channel:444506979260432384 - CHECKING
[11/05/2018 14:02] INFO __main__ channel_cleanup 771: Channel_Cleanup - Server: TEST WV Pokemon Go: Channel:444506979260432384 (meetup-test16) - EXISTS IN DISCORD
[11/05/2018 14:02] INFO __main__ channel_cleanup 801: Channel_Cleanup - Server: TEST WV Pokemon Go: Channel:444506979260432384 - EXRAID
[11/05/2018 14:02] INFO __main__ channel_cleanup 839: Channel_Cleanup - SAVING CHANGES
[11/05/2018 14:02] INFO __main__ channel_cleanup 844: Channel_Cleanup ------ END ------
[11/05/2018 14:02] INFO __main__ message_cleanup 881: message_cleanup ------ BEGIN ------
[11/05/2018 14:02] INFO __main__ message_cleanup 919: message_cleanup - SAVING CHANGES
[11/05/2018 14:02] INFO __main__ message_cleanup 924: message_cleanup ------ END ------
[11/05/2018 14:03] INFO __main__ channel_cleanup 743: Channel_Cleanup ------ BEGIN ------
[11/05/2018 14:03] INFO __main__ channel_cleanup 753: Channel_Cleanup - Server: 346683091013730304 - CHECKING FOR SERVER (TEST WV Pokemon Go)  - BEGIN CHECKING SERVER
[11/05/2018 14:03] INFO __main__ channel_cleanup 762: Channel_Cleanup - Server: TEST WV Pokemon Go: Channel:444506979260432384 - CHECKING
[11/05/2018 14:03] INFO __main__ channel_cleanup 771: Channel_Cleanup - Server: TEST WV Pokemon Go: Channel:444506979260432384 (meetup-test16) - EXISTS IN DISCORD
[11/05/2018 14:03] INFO __main__ channel_cleanup 801: Channel_Cleanup - Server: TEST WV Pokemon Go: Channel:444506979260432384 - EXRAID
[11/05/2018 14:03] INFO __main__ channel_cleanup 839: Channel_Cleanup - SAVING CHANGES
[11/05/2018 14:03] INFO __main__ channel_cleanup 844: Channel_Cleanup ------ END ------
[11/05/2018 14:03] INFO __main__ message_cleanup 881: message_cleanup ------ BEGIN ------
[11/05/2018 14:03] INFO __main__ message_cleanup 919: message_cleanup - SAVING CHANGES
[11/05/2018 14:03] INFO __main__ message_cleanup 924: message_cleanup ------ END ------
[11/05/2018 14:06] INFO __main__ _print 933: Starting up...
[11/05/2018 14:06] INFO __main__ _print 933: Meowth! That's right!

1 servers connected.
24 members found.
[11/05/2018 14:06] INFO __main__ maint_start 940: Maintenance Tasks Started
[11/05/2018 14:06] INFO __main__ guild_cleanup 851: Server_Cleanup ------ BEGIN ------
[11/05/2018 14:06] INFO __main__ guild_cleanup 870: Server_Cleanup - SAVING CHANGES
[11/05/2018 14:06] INFO __main__ guild_cleanup 875: Server_Cleanup ------ END ------
[11/05/2018 14:06] INFO __main__ channel_cleanup 743: Channel_Cleanup ------ BEGIN ------
[11/05/2018 14:06] INFO __main__ channel_cleanup 753: Channel_Cleanup - Server: 346683091013730304 - CHECKING FOR SERVER (TEST WV Pokemon Go)  - BEGIN CHECKING SERVER
[11/05/2018 14:06] INFO __main__ channel_cleanup 762: Channel_Cleanup - Server: TEST WV Pokemon Go: Channel:444506979260432384 - CHECKING
[11/05/2018 14:06] INFO __main__ channel_cleanup 771: Channel_Cleanup - Server: TEST WV Pokemon Go: Channel:444506979260432384 (meetup-test16) - EXISTS IN DISCORD
[11/05/2018 14:06] INFO __main__ channel_cleanup 801: Channel_Cleanup - Server: TEST WV Pokemon Go: Channel:444506979260432384 - EXRAID
[11/05/2018 14:06] INFO __main__ channel_cleanup 839: Channel_Cleanup - SAVING CHANGES
[11/05/2018 14:06] INFO __main__ channel_cleanup 844: Channel_Cleanup ------ END ------
[11/05/2018 14:06] INFO __main__ message_cleanup 881: message_cleanup ------ BEGIN ------
[11/05/2018 14:06] INFO __main__ message_cleanup 919: message_cleanup - SAVING CHANGES
[11/05/2018 14:06] INFO __main__ message_cleanup 924: message_cleanup ------ END ------
[11/05/2018 14:12] INFO __main__ channel_cleanup 743: Channel_Cleanup ------ BEGIN ------
[11/05/2018 14:12] INFO __main__ channel_cleanup 753: Channel_Cleanup - Server: 346683091013730304 - CHECKING FOR SERVER (TEST WV Pokemon Go)  - BEGIN CHECKING SERVER
[11/05/2018 14:12] INFO __main__ channel_cleanup 762: Channel_Cleanup - Server: TEST WV Pokemon Go: Channel:444506979260432384 - CHECKING
[11/05/2018 14:12] INFO __main__ channel_cleanup 771: Channel_Cleanup - Server: TEST WV Pokemon Go: Channel:444506979260432384 (meetup-test16) - EXISTS IN DISCORD
[11/05/2018 14:12] INFO __main__ channel_cleanup 801: Channel_Cleanup - Server: TEST WV Pokemon Go: Channel:444506979260432384 - EXRAID
[11/05/2018 14:12] INFO __main__ channel_cleanup 839: Channel_Cleanup - SAVING CHANGES
[11/05/2018 14:12] INFO __main__ channel_cleanup 844: Channel_Cleanup ------ END ------
[11/05/2018 14:12] INFO __main__ message_cleanup 881: message_cleanup ------ BEGIN ------
[11/05/2018 14:12] INFO __main__ message_cleanup 919: message_cleanup - SAVING CHANGES
[11/05/2018 14:12] INFO __main__ message_cleanup 924: message_cleanup ------ END ------
[11/05/2018 14:13] INFO __main__ channel_cleanup 743: Channel_Cleanup ------ BEGIN ------
[11/05/2018 14:13] INFO __main__ channel_cleanup 753: Channel_Cleanup - Server: 346683091013730304 - CHECKING FOR SERVER (TEST WV Pokemon Go)  - BEGIN CHECKING SERVER
[11/05/2018 14:13] INFO __main__ channel_cleanup 762: Channel_Cleanup - Server: TEST WV Pokemon Go: Channel:444506979260432384 - CHECKING
[11/05/2018 14:13] INFO __main__ channel_cleanup 771: Channel_Cleanup - Server: TEST WV Pokemon Go: Channel:444506979260432384 (meetup-test16) - EXISTS IN DISCORD
[11/05/2018 14:13] INFO __main__ channel_cleanup 801: Channel_Cleanup - Server: TEST WV Pokemon Go: Channel:444506979260432384 - EXRAID
[11/05/2018 14:13] INFO __main__ channel_cleanup 839: Channel_Cleanup - SAVING CHANGES
[11/05/2018 14:13] INFO __main__ channel_cleanup 844: Channel_Cleanup ------ END ------
[11/05/2018 14:13] INFO __main__ message_cleanup 881: message_cleanup ------ BEGIN ------
[11/05/2018 14:13] INFO __main__ message_cleanup 919: message_cleanup - SAVING CHANGES
[11/05/2018 14:13] INFO __main__ message_cleanup 924: message_cleanup ------ END ------
[11/05/2018 14:16] INFO __main__ message_cleanup 881: message_cleanup ------ BEGIN ------
[11/05/2018 14:16] INFO __main__ message_cleanup 919: message_cleanup - SAVING CHANGES
[11/05/2018 14:16] INFO __main__ message_cleanup 924: message_cleanup ------ END ------
[11/05/2018 14:16] INFO __main__ channel_cleanup 743: Channel_Cleanup ------ BEGIN ------
[11/05/2018 14:16] INFO __main__ channel_cleanup 753: Channel_Cleanup - Server: 346683091013730304 - CHECKING FOR SERVER (TEST WV Pokemon Go)  - BEGIN CHECKING SERVER
[11/05/2018 14:16] INFO __main__ channel_cleanup 762: Channel_Cleanup - Server: TEST WV Pokemon Go: Channel:444506979260432384 - CHECKING
[11/05/2018 14:16] INFO __main__ channel_cleanup 771: Channel_Cleanup - Server: TEST WV Pokemon Go: Channel:444506979260432384 (meetup-test16) - EXISTS IN DISCORD
[11/05/2018 14:16] INFO __main__ channel_cleanup 801: Channel_Cleanup - Server: TEST WV Pokemon Go: Channel:444506979260432384 - EXRAID
[11/05/2018 14:16] INFO __main__ channel_cleanup 839: Channel_Cleanup - SAVING CHANGES
[11/05/2018 14:16] INFO __main__ channel_cleanup 844: Channel_Cleanup ------ END ------
[11/05/2018 14:22] INFO __main__ channel_cleanup 743: Channel_Cleanup ------ BEGIN ------
[11/05/2018 14:22] INFO __main__ channel_cleanup 753: Channel_Cleanup - Server: 346683091013730304 - CHECKING FOR SERVER (TEST WV Pokemon Go)  - BEGIN CHECKING SERVER
[11/05/2018 14:22] INFO __main__ channel_cleanup 762: Channel_Cleanup - Server: TEST WV Pokemon Go: Channel:444506979260432384 - CHECKING
[11/05/2018 14:22] INFO __main__ channel_cleanup 771: Channel_Cleanup - Server: TEST WV Pokemon Go: Channel:444506979260432384 (meetup-test16) - EXISTS IN DISCORD
[11/05/2018 14:22] INFO __main__ channel_cleanup 801: Channel_Cleanup - Server: TEST WV Pokemon Go: Channel:444506979260432384 - EXRAID
[11/05/2018 14:22] INFO __main__ channel_cleanup 839: Channel_Cleanup - SAVING CHANGES
[11/05/2018 14:22] INFO __main__ channel_cleanup 844: Channel_Cleanup ------ END ------
[11/05/2018 14:22] INFO __main__ message_cleanup 881: message_cleanup ------ BEGIN ------
[11/05/2018 14:22] INFO __main__ message_cleanup 919: message_cleanup - SAVING CHANGES
[11/05/2018 14:22] INFO __main__ message_cleanup 924: message_cleanup ------ END ------
[11/05/2018 14:23] INFO __main__ channel_cleanup 743: Channel_Cleanup ------ BEGIN ------
[11/05/2018 14:23] INFO __main__ channel_cleanup 753: Channel_Cleanup - Server: 346683091013730304 - CHECKING FOR SERVER (TEST WV Pokemon Go)  - BEGIN CHECKING SERVER
[11/05/2018 14:23] INFO __main__ channel_cleanup 762: Channel_Cleanup - Server: TEST WV Pokemon Go: Channel:444506979260432384 - CHECKING
[11/05/2018 14:23] INFO __main__ channel_cleanup 771: Channel_Cleanup - Server: TEST WV Pokemon Go: Channel:444506979260432384 (meetup-test16) - EXISTS IN DISCORD
[11/05/2018 14:23] INFO __main__ channel_cleanup 801: Channel_Cleanup - Server: TEST WV Pokemon Go: Channel:444506979260432384 - EXRAID
[11/05/2018 14:23] INFO __main__ channel_cleanup 839: Channel_Cleanup - SAVING CHANGES
[11/05/2018 14:23] INFO __main__ channel_cleanup 844: Channel_Cleanup ------ END ------
[11/05/2018 14:23] INFO __main__ message_cleanup 881: message_cleanup ------ BEGIN ------
[11/05/2018 14:23] INFO __main__ message_cleanup 919: message_cleanup - SAVING CHANGES
[11/05/2018 14:23] INFO __main__ message_cleanup 924: message_cleanup ------ END ------
[11/05/2018 14:26] INFO __main__ message_cleanup 881: message_cleanup ------ BEGIN ------
[11/05/2018 14:26] INFO __main__ message_cleanup 919: message_cleanup - SAVING CHANGES
[11/05/2018 14:26] INFO __main__ message_cleanup 924: message_cleanup ------ END ------
[11/05/2018 14:26] INFO __main__ channel_cleanup 743: Channel_Cleanup ------ BEGIN ------
[11/05/2018 14:26] INFO __main__ channel_cleanup 753: Channel_Cleanup - Server: 346683091013730304 - CHECKING FOR SERVER (TEST WV Pokemon Go)  - BEGIN CHECKING SERVER
[11/05/2018 14:26] INFO __main__ channel_cleanup 762: Channel_Cleanup - Server: TEST WV Pokemon Go: Channel:444506979260432384 - CHECKING
[11/05/2018 14:26] INFO __main__ channel_cleanup 771: Channel_Cleanup - Server: TEST WV Pokemon Go: Channel:444506979260432384 (meetup-test16) - EXISTS IN DISCORD
[11/05/2018 14:26] INFO __main__ channel_cleanup 801: Channel_Cleanup - Server: TEST WV Pokemon Go: Channel:444506979260432384 - EXRAID
[11/05/2018 14:26] INFO __main__ channel_cleanup 839: Channel_Cleanup - SAVING CHANGES
[11/05/2018 14:26] INFO __main__ channel_cleanup 844: Channel_Cleanup ------ END ------
[11/05/2018 14:32] INFO __main__ channel_cleanup 743: Channel_Cleanup ------ BEGIN ------
[11/05/2018 14:32] INFO __main__ channel_cleanup 753: Channel_Cleanup - Server: 346683091013730304 - CHECKING FOR SERVER (TEST WV Pokemon Go)  - BEGIN CHECKING SERVER
[11/05/2018 14:32] INFO __main__ channel_cleanup 762: Channel_Cleanup - Server: TEST WV Pokemon Go: Channel:444506979260432384 - CHECKING
[11/05/2018 14:32] INFO __main__ channel_cleanup 771: Channel_Cleanup - Server: TEST WV Pokemon Go: Channel:444506979260432384 (meetup-test16) - EXISTS IN DISCORD
[11/05/2018 14:32] INFO __main__ channel_cleanup 801: Channel_Cleanup - Server: TEST WV Pokemon Go: Channel:444506979260432384 - EXRAID
[11/05/2018 14:32] INFO __main__ channel_cleanup 839: Channel_Cleanup - SAVING CHANGES
[11/05/2018 14:32] INFO __main__ channel_cleanup 844: Channel_Cleanup ------ END ------
[11/05/2018 14:32] INFO __main__ message_cleanup 881: message_cleanup ------ BEGIN ------
[11/05/2018 14:32] INFO __main__ message_cleanup 919: message_cleanup - SAVING CHANGES
[11/05/2018 14:32] INFO __main__ message_cleanup 924: message_cleanup ------ END ------
[11/05/2018 14:33] INFO __main__ message_cleanup 881: message_cleanup ------ BEGIN ------
[11/05/2018 14:33] INFO __main__ message_cleanup 919: message_cleanup - SAVING CHANGES
[11/05/2018 14:33] INFO __main__ message_cleanup 924: message_cleanup ------ END ------
[11/05/2018 14:33] INFO __main__ channel_cleanup 743: Channel_Cleanup ------ BEGIN ------
[11/05/2018 14:33] INFO __main__ channel_cleanup 753: Channel_Cleanup - Server: 346683091013730304 - CHECKING FOR SERVER (TEST WV Pokemon Go)  - BEGIN CHECKING SERVER
[11/05/2018 14:33] INFO __main__ channel_cleanup 762: Channel_Cleanup - Server: TEST WV Pokemon Go: Channel:444506979260432384 - CHECKING
[11/05/2018 14:33] INFO __main__ channel_cleanup 771: Channel_Cleanup - Server: TEST WV Pokemon Go: Channel:444506979260432384 (meetup-test16) - EXISTS IN DISCORD
[11/05/2018 14:33] INFO __main__ channel_cleanup 801: Channel_Cleanup - Server: TEST WV Pokemon Go: Channel:444506979260432384 - EXRAID
[11/05/2018 14:33] INFO __main__ channel_cleanup 839: Channel_Cleanup - SAVING CHANGES
[11/05/2018 14:33] INFO __main__ channel_cleanup 844: Channel_Cleanup ------ END ------
[11/05/2018 14:36] INFO __main__ message_cleanup 881: message_cleanup ------ BEGIN ------
[11/05/2018 14:36] INFO __main__ message_cleanup 919: message_cleanup - SAVING CHANGES
[11/05/2018 14:36] INFO __main__ message_cleanup 924: message_cleanup ------ END ------
[11/05/2018 14:36] INFO __main__ channel_cleanup 743: Channel_Cleanup ------ BEGIN ------
[11/05/2018 14:36] INFO __main__ channel_cleanup 753: Channel_Cleanup - Server: 346683091013730304 - CHECKING FOR SERVER (TEST WV Pokemon Go)  - BEGIN CHECKING SERVER
[11/05/2018 14:36] INFO __main__ channel_cleanup 762: Channel_Cleanup - Server: TEST WV Pokemon Go: Channel:444506979260432384 - CHECKING
[11/05/2018 14:36] INFO __main__ channel_cleanup 771: Channel_Cleanup - Server: TEST WV Pokemon Go: Channel:444506979260432384 (meetup-test16) - EXISTS IN DISCORD
[11/05/2018 14:36] INFO __main__ channel_cleanup 801: Channel_Cleanup - Server: TEST WV Pokemon Go: Channel:444506979260432384 - EXRAID
[11/05/2018 14:36] INFO __main__ channel_cleanup 839: Channel_Cleanup - SAVING CHANGES
[11/05/2018 14:36] INFO __main__ channel_cleanup 844: Channel_Cleanup ------ END ------
[11/05/2018 14:42] INFO __main__ channel_cleanup 743: Channel_Cleanup ------ BEGIN ------
[11/05/2018 14:42] INFO __main__ channel_cleanup 753: Channel_Cleanup - Server: 346683091013730304 - CHECKING FOR SERVER (TEST WV Pokemon Go)  - BEGIN CHECKING SERVER
[11/05/2018 14:42] INFO __main__ channel_cleanup 762: Channel_Cleanup - Server: TEST WV Pokemon Go: Channel:444506979260432384 - CHECKING
[11/05/2018 14:42] INFO __main__ channel_cleanup 771: Channel_Cleanup - Server: TEST WV Pokemon Go: Channel:444506979260432384 (meetup-test16) - EXISTS IN DISCORD
[11/05/2018 14:42] INFO __main__ channel_cleanup 801: Channel_Cleanup - Server: TEST WV Pokemon Go: Channel:444506979260432384 - EXRAID
[11/05/2018 14:42] INFO __main__ channel_cleanup 839: Channel_Cleanup - SAVING CHANGES
[11/05/2018 14:42] INFO __main__ channel_cleanup 844: Channel_Cleanup ------ END ------
[11/05/2018 14:42] INFO __main__ message_cleanup 881: message_cleanup ------ BEGIN ------
[11/05/2018 14:42] INFO __main__ message_cleanup 919: message_cleanup - SAVING CHANGES
[11/05/2018 14:42] INFO __main__ message_cleanup 924: message_cleanup ------ END ------
[11/05/2018 14:43] INFO __main__ message_cleanup 881: message_cleanup ------ BEGIN ------
[11/05/2018 14:43] INFO __main__ message_cleanup 919: message_cleanup - SAVING CHANGES
[11/05/2018 14:43] INFO __main__ message_cleanup 924: message_cleanup ------ END ------
[11/05/2018 14:43] INFO __main__ channel_cleanup 743: Channel_Cleanup ------ BEGIN ------
[11/05/2018 14:43] INFO __main__ channel_cleanup 753: Channel_Cleanup - Server: 346683091013730304 - CHECKING FOR SERVER (TEST WV Pokemon Go)  - BEGIN CHECKING SERVER
[11/05/2018 14:43] INFO __main__ channel_cleanup 762: Channel_Cleanup - Server: TEST WV Pokemon Go: Channel:444506979260432384 - CHECKING
[11/05/2018 14:43] INFO __main__ channel_cleanup 771: Channel_Cleanup - Server: TEST WV Pokemon Go: Channel:444506979260432384 (meetup-test16) - EXISTS IN DISCORD
[11/05/2018 14:43] INFO __main__ channel_cleanup 801: Channel_Cleanup - Server: TEST WV Pokemon Go: Channel:444506979260432384 - EXRAID
[11/05/2018 14:43] INFO __main__ channel_cleanup 839: Channel_Cleanup - SAVING CHANGES
[11/05/2018 14:43] INFO __main__ channel_cleanup 844: Channel_Cleanup ------ END ------
[11/05/2018 14:46] INFO __main__ message_cleanup 881: message_cleanup ------ BEGIN ------
[11/05/2018 14:46] INFO __main__ message_cleanup 919: message_cleanup - SAVING CHANGES
[11/05/2018 14:46] INFO __main__ message_cleanup 924: message_cleanup ------ END ------
[11/05/2018 14:46] INFO __main__ channel_cleanup 743: Channel_Cleanup ------ BEGIN ------
[11/05/2018 14:46] INFO __main__ channel_cleanup 753: Channel_Cleanup - Server: 346683091013730304 - CHECKING FOR SERVER (TEST WV Pokemon Go)  - BEGIN CHECKING SERVER
[11/05/2018 14:46] INFO __main__ channel_cleanup 762: Channel_Cleanup - Server: TEST WV Pokemon Go: Channel:444506979260432384 - CHECKING
[11/05/2018 14:46] INFO __main__ channel_cleanup 771: Channel_Cleanup - Server: TEST WV Pokemon Go: Channel:444506979260432384 (meetup-test16) - EXISTS IN DISCORD
[11/05/2018 14:46] INFO __main__ channel_cleanup 801: Channel_Cleanup - Server: TEST WV Pokemon Go: Channel:444506979260432384 - EXRAID
[11/05/2018 14:46] INFO __main__ channel_cleanup 839: Channel_Cleanup - SAVING CHANGES
[11/05/2018 14:46] INFO __main__ channel_cleanup 844: Channel_Cleanup ------ END ------
[11/05/2018 14:52] INFO __main__ channel_cleanup 743: Channel_Cleanup ------ BEGIN ------
[11/05/2018 14:52] INFO __main__ channel_cleanup 753: Channel_Cleanup - Server: 346683091013730304 - CHECKING FOR SERVER (TEST WV Pokemon Go)  - BEGIN CHECKING SERVER
[11/05/2018 14:52] INFO __main__ channel_cleanup 762: Channel_Cleanup - Server: TEST WV Pokemon Go: Channel:444506979260432384 - CHECKING
[11/05/2018 14:52] INFO __main__ channel_cleanup 767: Channel_Cleanup - Server: TEST WV Pokemon Go: Channel:444506979260432384 - DOESN'T EXIST IN DISCORD
[11/05/2018 14:52] INFO __main__ channel_cleanup 824: Channel_Cleanup - Channel Savedata Cleared - 444506979260432384
[11/05/2018 14:52] INFO __main__ channel_cleanup 839: Channel_Cleanup - SAVING CHANGES
[11/05/2018 14:52] INFO __main__ channel_cleanup 844: Channel_Cleanup ------ END ------
[11/05/2018 14:52] INFO __main__ message_cleanup 881: message_cleanup ------ BEGIN ------
[11/05/2018 14:52] INFO __main__ message_cleanup 919: message_cleanup - SAVING CHANGES
[11/05/2018 14:52] INFO __main__ message_cleanup 924: message_cleanup ------ END ------
[11/05/2018 14:53] INFO __main__ guild_cleanup 851: Server_Cleanup ------ BEGIN ------
[11/05/2018 14:53] INFO __main__ guild_cleanup 870: Server_Cleanup - SAVING CHANGES
[11/05/2018 14:53] INFO __main__ guild_cleanup 875: Server_Cleanup ------ END ------
[11/05/2018 14:53] INFO __main__ message_cleanup 881: message_cleanup ------ BEGIN ------
[11/05/2018 14:53] INFO __main__ message_cleanup 919: message_cleanup - SAVING CHANGES
[11/05/2018 14:53] INFO __main__ message_cleanup 924: message_cleanup ------ END ------
[11/05/2018 14:53] INFO __main__ channel_cleanup 743: Channel_Cleanup ------ BEGIN ------
[11/05/2018 14:53] INFO __main__ channel_cleanup 753: Channel_Cleanup - Server: 346683091013730304 - CHECKING FOR SERVER (TEST WV Pokemon Go)  - BEGIN CHECKING SERVER
[11/05/2018 14:53] INFO __main__ channel_cleanup 839: Channel_Cleanup - SAVING CHANGES
[11/05/2018 14:53] INFO __main__ channel_cleanup 844: Channel_Cleanup ------ END ------
[11/05/2018 14:56] INFO __main__ message_cleanup 881: message_cleanup ------ BEGIN ------
[11/05/2018 14:56] INFO __main__ message_cleanup 919: message_cleanup - SAVING CHANGES
[11/05/2018 14:56] INFO __main__ message_cleanup 924: message_cleanup ------ END ------
[11/05/2018 14:56] INFO __main__ channel_cleanup 743: Channel_Cleanup ------ BEGIN ------
[11/05/2018 14:56] INFO __main__ channel_cleanup 753: Channel_Cleanup - Server: 346683091013730304 - CHECKING FOR SERVER (TEST WV Pokemon Go)  - BEGIN CHECKING SERVER
[11/05/2018 14:56] INFO __main__ channel_cleanup 839: Channel_Cleanup - SAVING CHANGES
[11/05/2018 14:56] INFO __main__ channel_cleanup 844: Channel_Cleanup ------ END ------
[11/05/2018 15:02] INFO __main__ channel_cleanup 743: Channel_Cleanup ------ BEGIN ------
[11/05/2018 15:02] INFO __main__ channel_cleanup 753: Channel_Cleanup - Server: 346683091013730304 - CHECKING FOR SERVER (TEST WV Pokemon Go)  - BEGIN CHECKING SERVER
[11/05/2018 15:02] INFO __main__ channel_cleanup 839: Channel_Cleanup - SAVING CHANGES
[11/05/2018 15:02] INFO __main__ channel_cleanup 844: Channel_Cleanup ------ END ------
[11/05/2018 15:02] INFO __main__ message_cleanup 881: message_cleanup ------ BEGIN ------
[11/05/2018 15:02] INFO __main__ message_cleanup 919: message_cleanup - SAVING CHANGES
[11/05/2018 15:02] INFO __main__ message_cleanup 924: message_cleanup ------ END ------
[11/05/2018 15:03] INFO __main__ message_cleanup 881: message_cleanup ------ BEGIN ------
[11/05/2018 15:03] INFO __main__ message_cleanup 919: message_cleanup - SAVING CHANGES
[11/05/2018 15:03] INFO __main__ message_cleanup 924: message_cleanup ------ END ------
[11/05/2018 15:03] INFO __main__ channel_cleanup 743: Channel_Cleanup ------ BEGIN ------
[11/05/2018 15:03] INFO __main__ channel_cleanup 753: Channel_Cleanup - Server: 346683091013730304 - CHECKING FOR SERVER (TEST WV Pokemon Go)  - BEGIN CHECKING SERVER
[11/05/2018 15:03] INFO __main__ channel_cleanup 839: Channel_Cleanup - SAVING CHANGES
[11/05/2018 15:03] INFO __main__ channel_cleanup 844: Channel_Cleanup ------ END ------
[11/05/2018 15:06] INFO __main__ message_cleanup 881: message_cleanup ------ BEGIN ------
[11/05/2018 15:06] INFO __main__ message_cleanup 919: message_cleanup - SAVING CHANGES
[11/05/2018 15:06] INFO __main__ message_cleanup 924: message_cleanup ------ END ------
[11/05/2018 15:06] INFO __main__ channel_cleanup 743: Channel_Cleanup ------ BEGIN ------
[11/05/2018 15:06] INFO __main__ channel_cleanup 753: Channel_Cleanup - Server: 346683091013730304 - CHECKING FOR SERVER (TEST WV Pokemon Go)  - BEGIN CHECKING SERVER
[11/05/2018 15:06] INFO __main__ channel_cleanup 839: Channel_Cleanup - SAVING CHANGES
[11/05/2018 15:06] INFO __main__ channel_cleanup 844: Channel_Cleanup ------ END ------
[11/05/2018 15:12] INFO __main__ channel_cleanup 743: Channel_Cleanup ------ BEGIN ------
[11/05/2018 15:12] INFO __main__ channel_cleanup 753: Channel_Cleanup - Server: 346683091013730304 - CHECKING FOR SERVER (TEST WV Pokemon Go)  - BEGIN CHECKING SERVER
[11/05/2018 15:12] INFO __main__ channel_cleanup 839: Channel_Cleanup - SAVING CHANGES
[11/05/2018 15:12] INFO __main__ channel_cleanup 844: Channel_Cleanup ------ END ------
[11/05/2018 15:12] INFO __main__ message_cleanup 881: message_cleanup ------ BEGIN ------
[11/05/2018 15:12] INFO __main__ message_cleanup 919: message_cleanup - SAVING CHANGES
[11/05/2018 15:12] INFO __main__ message_cleanup 924: message_cleanup ------ END ------
[11/05/2018 15:13] INFO __main__ message_cleanup 881: message_cleanup ------ BEGIN ------
[11/05/2018 15:13] INFO __main__ message_cleanup 919: message_cleanup - SAVING CHANGES
[11/05/2018 15:13] INFO __main__ message_cleanup 924: message_cleanup ------ END ------
[11/05/2018 15:13] INFO __main__ channel_cleanup 743: Channel_Cleanup ------ BEGIN ------
[11/05/2018 15:13] INFO __main__ channel_cleanup 753: Channel_Cleanup - Server: 346683091013730304 - CHECKING FOR SERVER (TEST WV Pokemon Go)  - BEGIN CHECKING SERVER
[11/05/2018 15:13] INFO __main__ channel_cleanup 839: Channel_Cleanup - SAVING CHANGES
[11/05/2018 15:13] INFO __main__ channel_cleanup 844: Channel_Cleanup ------ END ------
